# JRE version: OpenJDK Runtime Environment (8.0_242-b01) (build 1.8.0_242-release-1644-b01)
# Java VM: OpenJDK 64-Bit Server VM (25.242-b01 mixed mode windows-amd64 compressed oops)
Heap:
 PSYoungGen      total 177664K, used 124198K [0x00000000e0000000, 0x00000000f6a80000, 0x0000000100000000)
  eden space 153600K, 73% used [0x00000000e0000000,0x00000000e6e54360,0x00000000e9600000)
  from space 24064K, 46% used [0x00000000ed700000,0x00000000ee1f55b8,0x00000000eee80000)
  to   space 66560K, 0% used [0x00000000e9600000,0x00000000e9600000,0x00000000ed700000)
 ParOldGen       total 305152K, used 191047K [0x00000000a0000000, 0x00000000b2a00000, 0x00000000e0000000)
  object space 305152K, 62% used [0x00000000a0000000,0x00000000aba91f88,0x00000000b2a00000)
 Metaspace       used 113880K, capacity 118830K, committed 119000K, reserved 1153024K
  class space    used 14549K, capacity 15557K, committed 15616K, reserved 1048576K
GC Heap History (10 events):
Event: 679.469 GC heap before
{Heap before GC invocations=31 (full 4):
 PSYoungGen      total 195584K, used 178688K [0x00000000e0000000, 0x00000000ed300000, 0x0000000100000000)
  eden space 178688K, 100% used [0x00000000e0000000,0x00000000eae80000,0x00000000eae80000)
  from space 16896K, 0% used [0x00000000ec000000,0x00000000ec000000,0x00000000ed080000)
  to   space 17920K, 0% used [0x00000000eae80000,0x00000000eae80000,0x00000000ec000000)
 ParOldGen       total 138240K, used 71762K [0x00000000a0000000, 0x00000000a8700000, 0x00000000e0000000)
  object space 138240K, 51% used [0x00000000a0000000,0x00000000a4614b88,0x00000000a8700000)
 Metaspace       used 91162K, capacity 95748K, committed 96216K, reserved 1132544K
  class space    used 12016K, capacity 12928K, committed 13056K, reserved 1048576K
Event: 679.493 GC heap after
Heap after GC invocations=31 (full 4):
 PSYoungGen      total 196608K, used 10553K [0x00000000e0000000, 0x00000000eec80000, 0x0000000100000000)
  eden space 178688K, 0% used [0x00000000e0000000,0x00000000e0000000,0x00000000eae80000)
  from space 17920K, 58% used [0x00000000eae80000,0x00000000eb8ce740,0x00000000ec000000)
  to   space 17920K, 0% used [0x00000000edb00000,0x00000000edb00000,0x00000000eec80000)
 ParOldGen       total 138240K, used 71770K [0x00000000a0000000, 0x00000000a8700000, 0x00000000e0000000)
  object space 138240K, 51% used [0x00000000a0000000,0x00000000a4616b88,0x00000000a8700000)
 Metaspace       used 91162K, capacity 95748K, committed 96216K, reserved 1132544K
  class space    used 12016K, capacity 12928K, committed 13056K, reserved 1048576K
}
Event: 727.045 GC heap before
{Heap before GC invocations=32 (full 4):
 PSYoungGen      total 196608K, used 189241K [0x00000000e0000000, 0x00000000eec80000, 0x0000000100000000)
  eden space 178688K, 100% used [0x00000000e0000000,0x00000000eae80000,0x00000000eae80000)
  from space 17920K, 58% used [0x00000000eae80000,0x00000000eb8ce740,0x00000000ec000000)
  to   space 17920K, 0% used [0x00000000edb00000,0x00000000edb00000,0x00000000eec80000)
 ParOldGen       total 138240K, used 71770K [0x00000000a0000000, 0x00000000a8700000, 0x00000000e0000000)
  object space 138240K, 51% used [0x00000000a0000000,0x00000000a4616b88,0x00000000a8700000)
 Metaspace       used 94080K, capacity 98804K, committed 99032K, reserved 1134592K
  class space    used 12349K, capacity 13277K, committed 13312K, reserved 1048576K
Event: 727.067 GC heap after
Heap after GC invocations=32 (full 4):
 PSYoungGen      total 216064K, used 4668K [0x00000000e0000000, 0x00000000ee800000, 0x0000000100000000)
  eden space 202752K, 0% used [0x00000000e0000000,0x00000000e0000000,0x00000000ec600000)
  from space 13312K, 35% used [0x00000000edb00000,0x00000000edf8f380,0x00000000ee800000)
  to   space 17408K, 0% used [0x00000000ec600000,0x00000000ec600000,0x00000000ed700000)
 ParOldGen       total 138240K, used 75846K [0x00000000a0000000, 0x00000000a8700000, 0x00000000e0000000)
  object space 138240K, 54% used [0x00000000a0000000,0x00000000a4a119e0,0x00000000a8700000)
 Metaspace       used 94080K, capacity 98804K, committed 99032K, reserved 1134592K
  class space    used 12349K, capacity 13277K, committed 13312K, reserved 1048576K
}
Event: 766.612 GC heap before
{Heap before GC invocations=33 (full 4):
 PSYoungGen      total 216064K, used 207420K [0x00000000e0000000, 0x00000000ee800000, 0x0000000100000000)
  eden space 202752K, 100% used [0x00000000e0000000,0x00000000ec600000,0x00000000ec600000)
  from space 13312K, 35% used [0x00000000edb00000,0x00000000edf8f380,0x00000000ee800000)
  to   space 17408K, 0% used [0x00000000ec600000,0x00000000ec600000,0x00000000ed700000)
 ParOldGen       total 138240K, used 75846K [0x00000000a0000000, 0x00000000a8700000, 0x00000000e0000000)
  object space 138240K, 54% used [0x00000000a0000000,0x00000000a4a119e0,0x00000000a8700000)
 Metaspace       used 107229K, capacity 112082K, committed 112344K, reserved 1146880K
  class space    used 13744K, capacity 14743K, committed 14848K, reserved 1048576K
Event: 766.696 GC heap after
Heap after GC invocations=33 (full 4):
 PSYoungGen      total 212480K, used 17391K [0x00000000e0000000, 0x00000000eee80000, 0x0000000100000000)
  eden space 195072K, 0% used [0x00000000e0000000,0x00000000e0000000,0x00000000ebe80000)
  from space 17408K, 99% used [0x00000000ec600000,0x00000000ed6fbd50,0x00000000ed700000)
  to   space 24064K, 0% used [0x00000000ed700000,0x00000000ed700000,0x00000000eee80000)
 ParOldGen       total 138240K, used 87713K [0x00000000a0000000, 0x00000000a8700000, 0x00000000e0000000)
  object space 138240K, 63% used [0x00000000a0000000,0x00000000a55a8518,0x00000000a8700000)
 Metaspace       used 107229K, capacity 112082K, committed 112344K, reserved 1146880K
  class space    used 13744K, capacity 14743K, committed 14848K, reserved 1048576K
}
Event: 775.720 GC heap before
{Heap before GC invocations=34 (full 4):
 PSYoungGen      total 212480K, used 212463K [0x00000000e0000000, 0x00000000eee80000, 0x0000000100000000)
  eden space 195072K, 100% used [0x00000000e0000000,0x00000000ebe80000,0x00000000ebe80000)
  from space 17408K, 99% used [0x00000000ec600000,0x00000000ed6fbd50,0x00000000ed700000)
  to   space 24064K, 0% used [0x00000000ed700000,0x00000000ed700000,0x00000000eee80000)
 ParOldGen       total 138240K, used 87713K [0x00000000a0000000, 0x00000000a8700000, 0x00000000e0000000)
  object space 138240K, 63% used [0x00000000a0000000,0x00000000a55a8518,0x00000000a8700000)
 Metaspace       used 113695K, capacity 118704K, committed 119000K, reserved 1153024K
  class space    used 14534K, capacity 15546K, committed 15616K, reserved 1048576K
Event: 776.192 GC heap after
Heap after GC invocations=34 (full 4):
 PSYoungGen      total 177664K, used 24059K [0x00000000e0000000, 0x00000000f6a80000, 0x0000000100000000)
  eden space 153600K, 0% used [0x00000000e0000000,0x00000000e0000000,0x00000000e9600000)
  from space 24064K, 99% used [0x00000000ed700000,0x00000000eee7ed28,0x00000000eee80000)
  to   space 66560K, 0% used [0x00000000e9600000,0x00000000e9600000,0x00000000ed700000)
 ParOldGen       total 191488K, used 191260K [0x00000000a0000000, 0x00000000abb00000, 0x00000000e0000000)
  object space 191488K, 99% used [0x00000000a0000000,0x00000000abac7108,0x00000000abb00000)
 Metaspace       used 113695K, capacity 118704K, committed 119000K, reserved 1153024K
  class space    used 14534K, capacity 15546K, committed 15616K, reserved 1048576K
}
Event: 776.194 GC heap before
{Heap before GC invocations=35 (full 5):
 PSYoungGen      total 177664K, used 24059K [0x00000000e0000000, 0x00000000f6a80000, 0x0000000100000000)
  eden space 153600K, 0% used [0x00000000e0000000,0x00000000e0000000,0x00000000e9600000)
  from space 24064K, 99% used [0x00000000ed700000,0x00000000eee7ed28,0x00000000eee80000)
  to   space 66560K, 0% used [0x00000000e9600000,0x00000000e9600000,0x00000000ed700000)
 ParOldGen       total 191488K, used 191260K [0x00000000a0000000, 0x00000000abb00000, 0x00000000e0000000)
  object space 191488K, 99% used [0x00000000a0000000,0x00000000abac7108,0x00000000abb00000)
 Metaspace       used 113695K, capacity 118704K, committed 119000K, reserved 1153024K
  class space    used 14534K, capacity 15546K, committed 15616K, reserved 1048576K
Event: 780.931 GC heap after
Heap after GC invocations=35 (full 5):
 PSYoungGen      total 177664K, used 11221K [0x00000000e0000000, 0x00000000f6a80000, 0x0000000100000000)
  eden space 153600K, 0% used [0x00000000e0000000,0x00000000e0000000,0x00000000e9600000)
  from space 24064K, 46% used [0x00000000ed700000,0x00000000ee1f55b8,0x00000000eee80000)
  to   space 66560K, 0% used [0x00000000e9600000,0x00000000e9600000,0x00000000ed700000)
 ParOldGen       total 305152K, used 191047K [0x00000000a0000000, 0x00000000b2a00000, 0x00000000e0000000)
  object space 305152K, 62% used [0x00000000a0000000,0x00000000aba91f88,0x00000000b2a00000)
 Metaspace       used 113695K, capacity 118704K, committed 119000K, reserved 1153024K
  class space    used 14534K, capacity 15546K, committed 15616K, reserved 1048576K
}

